2025-06-19 13:31:16.982 [main] WARN  com.alibaba.nacos.client.logging.NacosLogging - Load Logback Configuration of Nacos fail, message: Could not initialize Logback Nacos logging from classpath:nacos-logback.xml
2025-06-19 13:31:17.218 [main] WARN  com.alibaba.nacos.client.logging.NacosLogging - Load Logback Configuration of Nacos fail, message: Could not initialize Logback Nacos logging from classpath:nacos-logback.xml
2025-06-19 13:31:17.941 [main] WARN  com.alibaba.nacos.client.logging.NacosLogging - Load Logback Configuration of Nacos fail, message: Could not initialize Logback Nacos logging from classpath:nacos-logback.xml
2025-06-19 13:31:17.948 [main] INFO  com.alibaba.nacos.client.utils.ParamUtil - [settings] [req-serv] nacos-server port:8848
2025-06-19 13:31:17.948 [main] INFO  com.alibaba.nacos.client.utils.ParamUtil - [settings] [http-client] connect timeout:1000
2025-06-19 13:31:17.954 [main] INFO  com.alibaba.nacos.client.utils.ParamUtil - PER_TASK_CONFIG_SIZE: 3000.0
2025-06-19 13:31:18.115 [main] INFO  c.a.n.p.auth.spi.client.ClientAuthPluginManager - [ClientAuthPluginManager] Load ClientAuthService com.alibaba.nacos.client.auth.impl.NacosClientAuthServiceImpl success.
2025-06-19 13:31:18.116 [main] INFO  c.a.n.p.auth.spi.client.ClientAuthPluginManager - [ClientAuthPluginManager] Load ClientAuthService com.alibaba.nacos.client.auth.ram.RamClientAuthServiceImpl success.
2025-06-19 13:31:18.129 [main] INFO  c.a.n.client.auth.ram.identify.CredentialWatcher - null No credential found
2025-06-19 13:31:19.381 [main] WARN  com.alibaba.nacos.client.logging.NacosLogging - Load Logback Configuration of Nacos fail, message: Could not initialize Logback Nacos logging from classpath:nacos-logback.xml
2025-06-19 13:31:19.423 [main] INFO  c.a.n.client.config.impl.LocalConfigInfoProcessor - LOCAL_SNAPSHOT_PATH:C:\Users\lenovo\nacos\config
2025-06-19 13:31:19.448 [main] INFO  com.alibaba.nacos.common.remote.client - [RpcClientFactory] create a new rpc client of 8cb1e7ca-1d26-4b6c-ae42-eb60bd7c544c_config-0
2025-06-19 13:31:19.535 [main] INFO  com.alibaba.nacos.common.remote.client - [8cb1e7ca-1d26-4b6c-ae42-eb60bd7c544c_config-0] Register server push request handler:com.alibaba.nacos.client.config.impl.ClientWorker$ConfigRpcTransportClient$$Lambda$575/0x0000000800f68d28
2025-06-19 13:31:19.536 [main] INFO  com.alibaba.nacos.common.remote.client - [8cb1e7ca-1d26-4b6c-ae42-eb60bd7c544c_config-0] Register server push request handler:com.alibaba.nacos.client.config.impl.ClientWorker$ConfigRpcTransportClient$$Lambda$576/0x0000000800f69148
2025-06-19 13:31:19.538 [main] INFO  com.alibaba.nacos.common.remote.client - [8cb1e7ca-1d26-4b6c-ae42-eb60bd7c544c_config-0] Registry connection listener to current client:com.alibaba.nacos.client.config.impl.ClientWorker$ConfigRpcTransportClient$1
2025-06-19 13:31:19.539 [main] INFO  com.alibaba.nacos.common.remote.client - [8cb1e7ca-1d26-4b6c-ae42-eb60bd7c544c_config-0] RpcClient init, ServerListFactory = com.alibaba.nacos.client.config.impl.ClientWorker$ConfigRpcTransportClient$2
2025-06-19 13:31:19.575 [main] INFO  com.alibaba.nacos.common.remote.client - [8cb1e7ca-1d26-4b6c-ae42-eb60bd7c544c_config-0] Try to connect to server on start up, server: {serverIp = '127.0.0.1', server main port = 8848}
2025-06-19 13:31:19.688 [main] INFO  c.a.nacos.common.remote.client.grpc.GrpcClient - grpc client connection server:127.0.0.1 ip,serverPort:9848,grpcTslConfig:{"sslProvider":"OPENSSL","enableTls":false,"mutualAuthEnable":false,"trustAll":false}
2025-06-19 13:31:23.510 [main] INFO  com.alibaba.nacos.common.remote.client - [8cb1e7ca-1d26-4b6c-ae42-eb60bd7c544c_config-0] Success to connect to server [127.0.0.1:8848] on start up, connectionId = 1750311082905_127.0.0.1_53211
2025-06-19 13:31:23.513 [com.alibaba.nacos.client.remote.worker] INFO  com.alibaba.nacos.common.remote.client - [8cb1e7ca-1d26-4b6c-ae42-eb60bd7c544c_config-0] Notify connected event to listeners.
2025-06-19 13:31:23.513 [com.alibaba.nacos.client.remote.worker] INFO  com.alibaba.nacos.client.config.impl.ClientWorker - [8cb1e7ca-1d26-4b6c-ae42-eb60bd7c544c_config-0] Connected,notify listen context...
2025-06-19 13:31:23.515 [main] INFO  com.alibaba.nacos.common.remote.client - [8cb1e7ca-1d26-4b6c-ae42-eb60bd7c544c_config-0] Register server push request handler:com.alibaba.nacos.common.remote.client.RpcClient$ConnectResetRequestHandler
2025-06-19 13:31:23.516 [main] INFO  com.alibaba.nacos.common.remote.client - [8cb1e7ca-1d26-4b6c-ae42-eb60bd7c544c_config-0] Register server push request handler:com.alibaba.nacos.common.remote.client.RpcClient$$Lambda$596/0x00000008010ce608
2025-06-19 13:31:23.795 [main] INFO  com.alibaba.nacos.client.config.impl.Limiter - limitTime:5.0
2025-06-19 13:31:23.875 [main] WARN  c.a.cloud.nacos.client.NacosPropertySourceBuilder - Ignore the empty nacos configuration and get it based on dataId[xiaohashu-oss] & group[DEFAULT_GROUP]
2025-06-19 13:31:23.896 [main] WARN  c.a.cloud.nacos.client.NacosPropertySourceBuilder - Ignore the empty nacos configuration and get it based on dataId[xiaohashu-oss.yaml] & group[DEFAULT_GROUP]
2025-06-19 13:31:23.936 [main] INFO  com.alibaba.nacos.client.config.utils.JvmUtil - isMultiInstance:false
2025-06-19 13:31:23.955 [main] INFO  o.s.c.b.c.PropertySourceBootstrapConfiguration - Located property source: [BootstrapPropertySource {name='bootstrapProperties-xiaohashu-oss-dev.yaml,DEFAULT_GROUP'}, BootstrapPropertySource {name='bootstrapProperties-xiaohashu-oss.yaml,DEFAULT_GROUP'}, BootstrapPropertySource {name='bootstrapProperties-xiaohashu-oss,DEFAULT_GROUP'}]
2025-06-19 13:31:23.974 [main] WARN  com.alibaba.nacos.client.logging.NacosLogging - Load Logback Configuration of Nacos fail, message: Could not initialize Logback Nacos logging from classpath:nacos-logback.xml
2025-06-19 13:31:23.976 [main] INFO  c.q.xiaohashu.oss.biz.XiaohashuOssBizApplication - The following 1 profile is active: "dev"
2025-06-19 13:31:26.037 [main] INFO  o.springframework.cloud.context.scope.GenericScope - BeanFactory id=e2ca34db-4026-326f-b5c4-f3dea42a333f
2025-06-19 13:31:27.430 [main] INFO  o.s.boot.web.embedded.tomcat.TomcatWebServer - Tomcat initialized with port(s): 8081 (http)
2025-06-19 13:31:27.470 [main] INFO  org.apache.catalina.core.StandardService - Starting service [Tomcat]
2025-06-19 13:31:27.470 [main] INFO  org.apache.catalina.core.StandardEngine - Starting Servlet engine: [Apache Tomcat/10.1.5]
2025-06-19 13:31:27.918 [main] INFO  o.a.c.core.ContainerBase.[Tomcat].[localhost].[/] - Initializing Spring embedded WebApplicationContext
2025-06-19 13:31:27.919 [main] INFO  o.s.b.w.s.c.ServletWebServerApplicationContext - Root WebApplicationContext: initialization completed in 3906 ms
2025-06-19 13:31:32.351 [main] INFO  o.s.boot.web.embedded.tomcat.TomcatWebServer - Tomcat started on port(s): 8081 (http) with context path ''
2025-06-19 13:31:32.360 [main] INFO  com.alibaba.nacos.client.naming - initializer namespace from ans.namespace attribute : null
2025-06-19 13:31:32.361 [main] INFO  com.alibaba.nacos.client.naming - initializer namespace from ALIBABA_ALIWARE_NAMESPACE attribute :null
2025-06-19 13:31:32.362 [main] INFO  com.alibaba.nacos.client.naming - initializer namespace from namespace attribute :null
2025-06-19 13:31:32.387 [main] INFO  c.a.n.p.auth.spi.client.ClientAuthPluginManager - [ClientAuthPluginManager] Load ClientAuthService com.alibaba.nacos.client.auth.impl.NacosClientAuthServiceImpl success.
2025-06-19 13:31:32.387 [main] INFO  c.a.n.p.auth.spi.client.ClientAuthPluginManager - [ClientAuthPluginManager] Load ClientAuthService com.alibaba.nacos.client.auth.ram.RamClientAuthServiceImpl success.
2025-06-19 13:31:32.395 [main] INFO  com.alibaba.nacos.common.remote.client - [RpcClientFactory] create a new rpc client of 1a2434ba-eff7-4f70-91e2-79f562f6f3f3
2025-06-19 13:31:32.400 [main] INFO  com.alibaba.nacos.common.remote.client - [1a2434ba-eff7-4f70-91e2-79f562f6f3f3] RpcClient init, ServerListFactory = com.alibaba.nacos.client.naming.core.ServerListManager
2025-06-19 13:31:32.400 [main] INFO  com.alibaba.nacos.common.remote.client - [1a2434ba-eff7-4f70-91e2-79f562f6f3f3] Registry connection listener to current client:com.alibaba.nacos.client.naming.remote.gprc.redo.NamingGrpcRedoService
2025-06-19 13:31:32.401 [main] INFO  com.alibaba.nacos.common.remote.client - [1a2434ba-eff7-4f70-91e2-79f562f6f3f3] Register server push request handler:com.alibaba.nacos.client.naming.remote.gprc.NamingPushRequestHandler
2025-06-19 13:31:32.401 [main] INFO  com.alibaba.nacos.common.remote.client - [1a2434ba-eff7-4f70-91e2-79f562f6f3f3] Try to connect to server on start up, server: {serverIp = '127.0.0.1', server main port = 8848}
2025-06-19 13:31:32.401 [main] INFO  c.a.nacos.common.remote.client.grpc.GrpcClient - grpc client connection server:127.0.0.1 ip,serverPort:9848,grpcTslConfig:{"sslProvider":"OPENSSL","enableTls":false,"mutualAuthEnable":false,"trustAll":false}
2025-06-19 13:31:32.530 [main] INFO  com.alibaba.nacos.common.remote.client - [1a2434ba-eff7-4f70-91e2-79f562f6f3f3] Success to connect to server [127.0.0.1:8848] on start up, connectionId = 1750311092410_127.0.0.1_53252
2025-06-19 13:31:32.530 [main] INFO  com.alibaba.nacos.common.remote.client - [1a2434ba-eff7-4f70-91e2-79f562f6f3f3] Register server push request handler:com.alibaba.nacos.common.remote.client.RpcClient$ConnectResetRequestHandler
2025-06-19 13:31:32.530 [com.alibaba.nacos.client.remote.worker] INFO  com.alibaba.nacos.common.remote.client - [1a2434ba-eff7-4f70-91e2-79f562f6f3f3] Notify connected event to listeners.
2025-06-19 13:31:32.530 [main] INFO  com.alibaba.nacos.common.remote.client - [1a2434ba-eff7-4f70-91e2-79f562f6f3f3] Register server push request handler:com.alibaba.nacos.common.remote.client.RpcClient$$Lambda$596/0x00000008010ce608
2025-06-19 13:31:32.530 [com.alibaba.nacos.client.remote.worker] INFO  com.alibaba.nacos.client.naming - Grpc connection connect
2025-06-19 13:31:32.533 [main] INFO  com.alibaba.nacos.client.naming - [REGISTER-SERVICE] xiaohashu registering service xiaohashu-oss with instance Instance{instanceId='null', ip='192.168.42.1', port=8081, weight=1.0, healthy=true, enabled=true, ephemeral=true, clusterName='DEFAULT', serviceName='null', metadata={IPv6=null, preserved.register.source=SPRING_CLOUD}}
2025-06-19 13:31:32.553 [main] INFO  c.a.cloud.nacos.registry.NacosServiceRegistry - nacos registry, DEFAULT_GROUP xiaohashu-oss 192.168.42.1:8081 register finished
2025-06-19 13:31:33.053 [main] INFO  c.q.xiaohashu.oss.biz.XiaohashuOssBizApplication - Started XiaohashuOssBizApplication in 18.604 seconds (process running for 20.67)
2025-06-19 13:31:33.058 [main] INFO  com.alibaba.nacos.client.config.impl.CacheData - nacos.cache.data.init.snapshot = true 
2025-06-19 13:31:33.059 [main] INFO  com.alibaba.nacos.client.config.impl.ClientWorker - [fixed-xiaohashu-127.0.0.1_8848] [subscribe] xiaohashu-oss+DEFAULT_GROUP+xiaohashu
2025-06-19 13:31:33.078 [main] INFO  com.alibaba.nacos.client.config.impl.CacheData - [fixed-xiaohashu-127.0.0.1_8848] [add-listener] ok, tenant=xiaohashu, dataId=xiaohashu-oss, group=DEFAULT_GROUP, cnt=1
2025-06-19 13:31:33.078 [main] INFO  c.a.cloud.nacos.refresh.NacosContextRefresher - [Nacos Config] Listening config: dataId=xiaohashu-oss, group=DEFAULT_GROUP
2025-06-19 13:31:33.080 [main] INFO  com.alibaba.nacos.client.config.impl.ClientWorker - [fixed-xiaohashu-127.0.0.1_8848] [subscribe] xiaohashu-oss-dev.yaml+DEFAULT_GROUP+xiaohashu
2025-06-19 13:31:33.080 [main] INFO  com.alibaba.nacos.client.config.impl.CacheData - [fixed-xiaohashu-127.0.0.1_8848] [add-listener] ok, tenant=xiaohashu, dataId=xiaohashu-oss-dev.yaml, group=DEFAULT_GROUP, cnt=1
2025-06-19 13:31:33.080 [main] INFO  c.a.cloud.nacos.refresh.NacosContextRefresher - [Nacos Config] Listening config: dataId=xiaohashu-oss-dev.yaml, group=DEFAULT_GROUP
2025-06-19 13:31:33.081 [main] INFO  com.alibaba.nacos.client.config.impl.ClientWorker - [fixed-xiaohashu-127.0.0.1_8848] [subscribe] xiaohashu-oss.yaml+DEFAULT_GROUP+xiaohashu
2025-06-19 13:31:33.081 [main] INFO  com.alibaba.nacos.client.config.impl.CacheData - [fixed-xiaohashu-127.0.0.1_8848] [add-listener] ok, tenant=xiaohashu, dataId=xiaohashu-oss.yaml, group=DEFAULT_GROUP, cnt=1
2025-06-19 13:31:33.081 [main] INFO  c.a.cloud.nacos.refresh.NacosContextRefresher - [Nacos Config] Listening config: dataId=xiaohashu-oss.yaml, group=DEFAULT_GROUP
2025-06-19 13:49:57.098 [http-nio-8081-exec-1] INFO  o.a.c.core.ContainerBase.[Tomcat].[localhost].[/] - Initializing Spring DispatcherServlet 'dispatcherServlet'
2025-06-19 13:49:57.108 [http-nio-8081-exec-1] INFO  org.springframework.web.servlet.DispatcherServlet - Initializing Servlet 'dispatcherServlet'
2025-06-19 13:49:57.160 [http-nio-8081-exec-1] INFO  org.springframework.web.servlet.DispatcherServlet - Completed initialization in 52 ms
2025-06-19 13:49:57.216 [http-nio-8081-exec-1] INFO  c.q.f.b.context.filter.HeaderUserId2ContextFilter - ===== 设置 userId 到 ThreadLocal 中， 用户 ID: 2101
2025-06-19 13:49:57.358 [http-nio-8081-exec-1] WARN  org.apache.catalina.connector.Request - Creating the temporary upload location [C:\Users\lenovo\AppData\Local\Temp\tomcat.8081.12724317191174213011\work\Tomcat\localhost\ROOT] as it is required by the servlet [dispatcherServlet]
2025-06-19 13:49:57.839 [http-nio-8081-exec-1] INFO  c.q.xiaohashu.oss.biz.controller.FileController - 当前用户 ID: 2101
2025-06-19 13:49:57.853 [http-nio-8081-exec-1] INFO  c.q.x.oss.biz.strategy.impl.MinioFileStrategy - ## 上传文件至 Minio ...
2025-06-19 13:49:57.854 [http-nio-8081-exec-1] INFO  c.q.x.oss.biz.strategy.impl.MinioFileStrategy - ==> 开始上传文件至 Minio, ObjectName: b632ede6c924445da7f577b3775a2c32.png
2025-06-19 13:53:27.282 [Thread-9] WARN  com.alibaba.nacos.common.notify.NotifyCenter - [NotifyCenter] Start destroying Publisher
2025-06-19 13:53:27.294 [Thread-9] WARN  com.alibaba.nacos.common.notify.NotifyCenter - [NotifyCenter] Destruction of the end
2025-06-19 13:53:27.296 [Thread-2] WARN  c.alibaba.nacos.common.http.HttpClientBeanHolder - [HttpClientBeanHolder] Start destroying common HttpClient
2025-06-19 13:53:27.316 [Thread-2] WARN  c.alibaba.nacos.common.http.HttpClientBeanHolder - [HttpClientBeanHolder] Destruction of the end
2025-06-19 13:53:35.805 [SpringApplicationShutdownHook] INFO  c.a.cloud.nacos.registry.NacosServiceRegistry - De-registering from Nacos Server now...
2025-06-19 13:53:35.831 [SpringApplicationShutdownHook] INFO  com.alibaba.nacos.client.naming - [DEREGISTER-SERVICE] xiaohashu deregistering service xiaohashu-oss with instance: Instance{instanceId='null', ip='192.168.42.1', port=8081, weight=1.0, healthy=true, enabled=true, ephemeral=true, clusterName='DEFAULT', serviceName='null', metadata={}}
2025-06-19 13:53:35.879 [SpringApplicationShutdownHook] INFO  c.a.cloud.nacos.registry.NacosServiceRegistry - De-registration finished.
2025-06-19 13:53:35.884 [SpringApplicationShutdownHook] INFO  com.alibaba.nacos.client.naming - com.alibaba.nacos.client.naming.cache.ServiceInfoHolder do shutdown begin
2025-06-19 13:53:35.884 [SpringApplicationShutdownHook] INFO  com.alibaba.nacos.client.naming - com.alibaba.nacos.client.naming.backups.FailoverReactor do shutdown begin
2025-06-19 13:53:35.893 [SpringApplicationShutdownHook] INFO  com.alibaba.nacos.client.naming - com.alibaba.nacos.client.naming.backups.FailoverReactor do shutdown stop
2025-06-19 13:53:35.893 [SpringApplicationShutdownHook] INFO  com.alibaba.nacos.client.naming - com.alibaba.nacos.client.naming.cache.ServiceInfoHolder do shutdown stop
2025-06-19 13:53:35.893 [SpringApplicationShutdownHook] INFO  com.alibaba.nacos.client.naming - com.alibaba.nacos.client.naming.remote.NamingClientProxyDelegate do shutdown begin
2025-06-19 13:53:35.893 [SpringApplicationShutdownHook] INFO  com.alibaba.nacos.client.naming - com.alibaba.nacos.client.naming.core.ServiceInfoUpdateService do shutdown begin
2025-06-19 13:53:35.894 [SpringApplicationShutdownHook] INFO  com.alibaba.nacos.client.naming - com.alibaba.nacos.client.naming.core.ServiceInfoUpdateService do shutdown stop
2025-06-19 13:53:35.894 [SpringApplicationShutdownHook] INFO  com.alibaba.nacos.client.naming - com.alibaba.nacos.client.naming.core.ServerListManager do shutdown begin
2025-06-19 13:53:35.894 [SpringApplicationShutdownHook] WARN  com.alibaba.nacos.client.naming - [NamingHttpClientManager] Start destroying NacosRestTemplate
2025-06-19 13:53:35.900 [SpringApplicationShutdownHook] WARN  com.alibaba.nacos.client.naming - [NamingHttpClientManager] Destruction of the end
2025-06-19 13:53:35.901 [SpringApplicationShutdownHook] INFO  com.alibaba.nacos.client.naming - com.alibaba.nacos.client.naming.core.ServerListManager do shutdown stop
2025-06-19 13:53:35.901 [SpringApplicationShutdownHook] INFO  com.alibaba.nacos.client.naming - com.alibaba.nacos.client.naming.remote.http.NamingHttpClientProxy do shutdown begin
2025-06-19 13:53:35.901 [SpringApplicationShutdownHook] WARN  com.alibaba.nacos.client.naming - [NamingHttpClientManager] Start destroying NacosRestTemplate
2025-06-19 13:53:35.901 [SpringApplicationShutdownHook] WARN  com.alibaba.nacos.client.naming - [NamingHttpClientManager] Destruction of the end
2025-06-19 13:53:35.901 [SpringApplicationShutdownHook] INFO  com.alibaba.nacos.client.naming - com.alibaba.nacos.client.naming.remote.http.NamingHttpClientProxy do shutdown stop
2025-06-19 13:53:35.901 [SpringApplicationShutdownHook] INFO  com.alibaba.nacos.common.remote.client - Shutdown rpc client, set status to shutdown
2025-06-19 13:53:35.901 [SpringApplicationShutdownHook] INFO  com.alibaba.nacos.common.remote.client - Shutdown client event executor java.util.concurrent.ScheduledThreadPoolExecutor@2c376e5d[Running, pool size = 2, active threads = 2, queued tasks = 0, completed tasks = 0]
2025-06-19 13:53:35.901 [SpringApplicationShutdownHook] INFO  com.alibaba.nacos.common.remote.client - Close current connection 1750311092410_127.0.0.1_53252
2025-06-19 13:53:35.927 [nacos-grpc-client-executor-127.0.0.1-286] INFO  c.a.nacos.common.remote.client.grpc.GrpcClient - [1750311092410_127.0.0.1_53252]Ignore complete event,isRunning:false,isAbandon=false
2025-06-19 13:53:35.989 [SpringApplicationShutdownHook] INFO  c.a.nacos.common.remote.client.grpc.GrpcClient - Shutdown grpc executor java.util.concurrent.ThreadPoolExecutor@4cd378c7[Running, pool size = 4, active threads = 0, queued tasks = 0, completed tasks = 287]
2025-06-19 13:53:35.990 [SpringApplicationShutdownHook] INFO  com.alibaba.nacos.client.naming - Shutdown grpc redo service executor java.util.concurrent.ScheduledThreadPoolExecutor@48a283e0[Running, pool size = 1, active threads = 0, queued tasks = 1, completed tasks = 440]
2025-06-19 13:53:35.999 [SpringApplicationShutdownHook] INFO  c.a.n.client.auth.ram.identify.CredentialWatcher - [null] CredentialWatcher is stopped
2025-06-19 13:53:35.999 [SpringApplicationShutdownHook] INFO  c.a.n.client.auth.ram.identify.CredentialService - [null] CredentialService is freed
2025-06-19 13:53:35.999 [SpringApplicationShutdownHook] INFO  com.alibaba.nacos.client.naming - com.alibaba.nacos.client.naming.remote.NamingClientProxyDelegate do shutdown stop
2025-06-19 13:53:40.101 [com.alibaba.nacos.client.Worker] INFO  c.a.n.client.auth.ram.identify.CredentialWatcher - null No credential found
