2025-06-10 15:16:45.482 [main] WARN  com.alibaba.nacos.client.logging.NacosLogging - Load Logback Configuration of Nacos fail, message: Could not initialize Logback Nacos logging from classpath:nacos-logback.xml
2025-06-10 15:16:45.634 [main] WARN  com.alibaba.nacos.client.logging.NacosLogging - Load Logback Configuration of Nacos fail, message: Could not initialize Logback Nacos logging from classpath:nacos-logback.xml
2025-06-10 15:16:47.754 [main] WARN  com.alibaba.nacos.client.logging.NacosLogging - Load Logback Configuration of Nacos fail, message: Could not initialize Logback Nacos logging from classpath:nacos-logback.xml
2025-06-10 15:16:47.780 [main] WARN  com.alibaba.nacos.client.logging.NacosLogging - Load Logback Configuration of Nacos fail, message: Could not initialize Logback Nacos logging from classpath:nacos-logback.xml
2025-06-10 15:16:47.780 [main] INFO  c.q.x.search.biz.XiaohashuSearchBizApplication - The following 1 profile is active: "dev"
2025-06-10 15:16:49.308 [main] INFO  o.springframework.cloud.context.scope.GenericScope - BeanFactory id=eeb67bcf-aa4d-369f-a914-ce17fe70ace1
2025-06-10 15:16:50.467 [main] INFO  o.s.boot.web.embedded.tomcat.TomcatWebServer - Tomcat initialized with port(s): 8092 (http)
2025-06-10 15:16:50.488 [main] INFO  org.apache.catalina.core.StandardService - Starting service [Tomcat]
2025-06-10 15:16:50.488 [main] INFO  org.apache.catalina.core.StandardEngine - Starting Servlet engine: [Apache Tomcat/10.1.5]
2025-06-10 15:16:50.799 [main] INFO  o.a.c.core.ContainerBase.[Tomcat].[localhost].[/] - Initializing Spring embedded WebApplicationContext
2025-06-10 15:16:50.800 [main] INFO  o.s.b.w.s.c.ServletWebServerApplicationContext - Root WebApplicationContext: initialization completed in 2987 ms
2025-06-10 15:16:50.989 [main] WARN  o.s.b.w.s.c.AnnotationConfigServletWebServerApplicationContext - Exception encountered during context initialization - cancelling refresh attempt: org.springframework.beans.factory.BeanCreationException: Error creating bean with name 'canalSchedule': Injection of resource dependencies failed
2025-06-10 15:16:50.991 [main] INFO  org.apache.catalina.core.StandardService - Stopping service [Tomcat]
2025-06-10 15:16:51.040 [main] INFO  o.s.b.a.logging.ConditionEvaluationReportLogger - 

Error starting ApplicationContext. To display the condition evaluation report re-run your application with 'debug' enabled.
2025-06-10 15:16:51.087 [main] ERROR org.springframework.boot.SpringApplication - Application run failed
org.springframework.beans.factory.BeanCreationException: Error creating bean with name 'canalSchedule': Injection of resource dependencies failed
	at org.springframework.context.annotation.CommonAnnotationBeanPostProcessor.postProcessProperties(CommonAnnotationBeanPostProcessor.java:303)
	at org.springframework.beans.factory.support.AbstractAutowireCapableBeanFactory.populateBean(AbstractAutowireCapableBeanFactory.java:1397)
	at org.springframework.beans.factory.support.AbstractAutowireCapableBeanFactory.doCreateBean(AbstractAutowireCapableBeanFactory.java:598)
	at org.springframework.beans.factory.support.AbstractAutowireCapableBeanFactory.createBean(AbstractAutowireCapableBeanFactory.java:521)
	at org.springframework.beans.factory.support.AbstractBeanFactory.lambda$doGetBean$0(AbstractBeanFactory.java:326)
	at org.springframework.beans.factory.support.DefaultSingletonBeanRegistry.getSingleton(DefaultSingletonBeanRegistry.java:234)
	at org.springframework.beans.factory.support.AbstractBeanFactory.doGetBean(AbstractBeanFactory.java:324)
	at org.springframework.beans.factory.support.AbstractBeanFactory.getBean(AbstractBeanFactory.java:200)
	at org.springframework.beans.factory.support.DefaultListableBeanFactory.preInstantiateSingletons(DefaultListableBeanFactory.java:961)
	at org.springframework.context.support.AbstractApplicationContext.finishBeanFactoryInitialization(AbstractApplicationContext.java:915)
	at org.springframework.context.support.AbstractApplicationContext.refresh(AbstractApplicationContext.java:584)
	at org.springframework.boot.web.servlet.context.ServletWebServerApplicationContext.refresh(ServletWebServerApplicationContext.java:146)
	at org.springframework.boot.SpringApplication.refresh(SpringApplication.java:730)
	at org.springframework.boot.SpringApplication.refreshContext(SpringApplication.java:432)
	at org.springframework.boot.SpringApplication.run(SpringApplication.java:308)
	at org.springframework.boot.SpringApplication.run(SpringApplication.java:1302)
	at org.springframework.boot.SpringApplication.run(SpringApplication.java:1291)
	at com.quanxiaoha.xiaohashu.search.biz.XiaohashuSearchBizApplication.main(XiaohashuSearchBizApplication.java:14)
Caused by: org.springframework.beans.factory.BeanCreationException: Error creating bean with name 'getCanalConnector' defined in class path resource [com/quanxiaoha/xiaohashu/search/biz/canal/CanalClient.class]: Failed to instantiate [com.alibaba.otter.canal.client.CanalConnector]: Factory method 'getCanalConnector' threw exception with message: java.net.ConnectException: Connection refused: connect
	at org.springframework.beans.factory.support.ConstructorResolver.instantiate(ConstructorResolver.java:657)
	at org.springframework.beans.factory.support.ConstructorResolver.instantiateUsingFactoryMethod(ConstructorResolver.java:491)
	at org.springframework.beans.factory.support.AbstractAutowireCapableBeanFactory.instantiateUsingFactoryMethod(AbstractAutowireCapableBeanFactory.java:1324)
	at org.springframework.beans.factory.support.AbstractAutowireCapableBeanFactory.createBeanInstance(AbstractAutowireCapableBeanFactory.java:1161)
	at org.springframework.beans.factory.support.AbstractAutowireCapableBeanFactory.doCreateBean(AbstractAutowireCapableBeanFactory.java:561)
	at org.springframework.beans.factory.support.AbstractAutowireCapableBeanFactory.createBean(AbstractAutowireCapableBeanFactory.java:521)
	at org.springframework.beans.factory.support.AbstractBeanFactory.lambda$doGetBean$0(AbstractBeanFactory.java:326)
	at org.springframework.beans.factory.support.DefaultSingletonBeanRegistry.getSingleton(DefaultSingletonBeanRegistry.java:234)
	at org.springframework.beans.factory.support.AbstractBeanFactory.doGetBean(AbstractBeanFactory.java:324)
	at org.springframework.beans.factory.support.AbstractBeanFactory.getBean(AbstractBeanFactory.java:200)
	at org.springframework.beans.factory.config.DependencyDescriptor.resolveCandidate(DependencyDescriptor.java:254)
	at org.springframework.beans.factory.support.DefaultListableBeanFactory.doResolveDependency(DefaultListableBeanFactory.java:1405)
	at org.springframework.beans.factory.support.DefaultListableBeanFactory.resolveDependency(DefaultListableBeanFactory.java:1325)
	at org.springframework.context.annotation.CommonAnnotationBeanPostProcessor.autowireResource(CommonAnnotationBeanPostProcessor.java:490)
	at org.springframework.context.annotation.CommonAnnotationBeanPostProcessor.getResource(CommonAnnotationBeanPostProcessor.java:467)
	at org.springframework.context.annotation.CommonAnnotationBeanPostProcessor$ResourceElement.getResourceToInject(CommonAnnotationBeanPostProcessor.java:618)
	at org.springframework.beans.factory.annotation.InjectionMetadata$InjectedElement.inject(InjectionMetadata.java:242)
	at org.springframework.beans.factory.annotation.InjectionMetadata.inject(InjectionMetadata.java:133)
	at org.springframework.context.annotation.CommonAnnotationBeanPostProcessor.postProcessProperties(CommonAnnotationBeanPostProcessor.java:300)
	... 17 common frames omitted
Caused by: org.springframework.beans.BeanInstantiationException: Failed to instantiate [com.alibaba.otter.canal.client.CanalConnector]: Factory method 'getCanalConnector' threw exception with message: java.net.ConnectException: Connection refused: connect
	at org.springframework.beans.factory.support.SimpleInstantiationStrategy.instantiate(SimpleInstantiationStrategy.java:171)
	at org.springframework.beans.factory.support.ConstructorResolver.instantiate(ConstructorResolver.java:653)
	... 35 common frames omitted
Caused by: com.alibaba.otter.canal.protocol.exception.CanalClientException: java.net.ConnectException: Connection refused: connect
	at com.alibaba.otter.canal.client.impl.SimpleCanalConnector.doConnect(SimpleCanalConnector.java:200)
	at com.alibaba.otter.canal.client.impl.SimpleCanalConnector.connect(SimpleCanalConnector.java:116)
	at com.quanxiaoha.xiaohashu.search.biz.canal.CanalClient.getCanalConnector(CanalClient.java:51)
	at java.base/jdk.internal.reflect.NativeMethodAccessorImpl.invoke0(Native Method)
	at java.base/jdk.internal.reflect.NativeMethodAccessorImpl.invoke(NativeMethodAccessorImpl.java:77)
	at java.base/jdk.internal.reflect.DelegatingMethodAccessorImpl.invoke(DelegatingMethodAccessorImpl.java:43)
	at java.base/java.lang.reflect.Method.invoke(Method.java:568)
	at org.springframework.beans.factory.support.SimpleInstantiationStrategy.instantiate(SimpleInstantiationStrategy.java:139)
	... 36 common frames omitted
Caused by: java.net.ConnectException: Connection refused: connect
	at java.base/sun.nio.ch.Net.connect0(Native Method)
	at java.base/sun.nio.ch.Net.connect(Net.java:579)
	at java.base/sun.nio.ch.Net.connect(Net.java:586)
	at java.base/sun.nio.ch.SocketChannelImpl.connect(SocketChannelImpl.java:853)
	at com.alibaba.otter.canal.client.impl.SimpleCanalConnector.doConnect(SimpleCanalConnector.java:152)
	... 43 common frames omitted
2025-06-10 15:22:32.797 [main] WARN  com.alibaba.nacos.client.logging.NacosLogging - Load Logback Configuration of Nacos fail, message: Could not initialize Logback Nacos logging from classpath:nacos-logback.xml
2025-06-10 15:22:32.957 [main] WARN  com.alibaba.nacos.client.logging.NacosLogging - Load Logback Configuration of Nacos fail, message: Could not initialize Logback Nacos logging from classpath:nacos-logback.xml
2025-06-10 15:22:35.177 [main] WARN  com.alibaba.nacos.client.logging.NacosLogging - Load Logback Configuration of Nacos fail, message: Could not initialize Logback Nacos logging from classpath:nacos-logback.xml
2025-06-10 15:22:35.206 [main] WARN  com.alibaba.nacos.client.logging.NacosLogging - Load Logback Configuration of Nacos fail, message: Could not initialize Logback Nacos logging from classpath:nacos-logback.xml
2025-06-10 15:22:35.207 [main] INFO  c.q.x.search.biz.XiaohashuSearchBizApplication - The following 1 profile is active: "dev"
2025-06-10 15:22:36.809 [main] INFO  o.springframework.cloud.context.scope.GenericScope - BeanFactory id=eeb67bcf-aa4d-369f-a914-ce17fe70ace1
2025-06-10 15:22:38.117 [main] INFO  o.s.boot.web.embedded.tomcat.TomcatWebServer - Tomcat initialized with port(s): 8092 (http)
2025-06-10 15:22:38.140 [main] INFO  org.apache.catalina.core.StandardService - Starting service [Tomcat]
2025-06-10 15:22:38.141 [main] INFO  org.apache.catalina.core.StandardEngine - Starting Servlet engine: [Apache Tomcat/10.1.5]
2025-06-10 15:22:38.467 [main] INFO  o.a.c.core.ContainerBase.[Tomcat].[localhost].[/] - Initializing Spring embedded WebApplicationContext
2025-06-10 15:22:38.467 [main] INFO  o.s.b.w.s.c.ServletWebServerApplicationContext - Root WebApplicationContext: initialization completed in 3226 ms
2025-06-10 15:22:39.705 [main] INFO  c.a.d.s.b.a.DruidDataSourceAutoConfigure - Init DruidDataSource
2025-06-10 15:22:40.425 [main] INFO  com.alibaba.druid.pool.DruidDataSource - {dataSource-1} inited
2025-06-10 15:22:42.839 [main] INFO  org.springframework.cloud.commons.util.InetUtils - Cannot determine local hostname
2025-06-10 15:22:44.920 [main] INFO  org.springframework.cloud.commons.util.InetUtils - Cannot determine local hostname
2025-06-10 15:22:44.991 [main] WARN  o.s.c.l.c.LoadBalancerCacheAutoConfiguration$LoadBalancerCaffeineWarnLogger - Spring Cloud LoadBalancer is currently working with the default cache. While this cache implementation is useful for development and tests, it's recommended to use Caffeine cache in production.You can switch to using Caffeine cache, by adding it and org.springframework.cache.caffeine.CaffeineCacheManager to the classpath.
2025-06-10 15:22:45.124 [main] INFO  o.s.boot.web.embedded.tomcat.TomcatWebServer - Tomcat started on port(s): 8092 (http) with context path ''
2025-06-10 15:22:45.143 [main] WARN  com.alibaba.nacos.client.logging.NacosLogging - Load Logback Configuration of Nacos fail, message: Could not initialize Logback Nacos logging from classpath:nacos-logback.xml
2025-06-10 15:22:45.143 [main] INFO  com.alibaba.nacos.client.naming - initializer namespace from ans.namespace attribute : null
2025-06-10 15:22:45.145 [main] INFO  com.alibaba.nacos.client.naming - initializer namespace from ALIBABA_ALIWARE_NAMESPACE attribute :null
2025-06-10 15:22:45.147 [main] INFO  com.alibaba.nacos.client.naming - initializer namespace from namespace attribute :null
2025-06-10 15:22:45.219 [main] INFO  com.alibaba.nacos.client.utils.ParamUtil - [settings] [req-serv] nacos-server port:8848
2025-06-10 15:22:45.219 [main] INFO  com.alibaba.nacos.client.utils.ParamUtil - [settings] [http-client] connect timeout:1000
2025-06-10 15:22:45.221 [main] INFO  com.alibaba.nacos.client.utils.ParamUtil - PER_TASK_CONFIG_SIZE: 3000.0
2025-06-10 15:22:45.235 [main] INFO  c.a.n.p.auth.spi.client.ClientAuthPluginManager - [ClientAuthPluginManager] Load ClientAuthService com.alibaba.nacos.client.auth.impl.NacosClientAuthServiceImpl success.
2025-06-10 15:22:45.235 [main] INFO  c.a.n.p.auth.spi.client.ClientAuthPluginManager - [ClientAuthPluginManager] Load ClientAuthService com.alibaba.nacos.client.auth.ram.RamClientAuthServiceImpl success.
2025-06-10 15:22:45.243 [main] INFO  c.a.n.client.auth.ram.identify.CredentialWatcher - null No credential found
2025-06-10 15:22:45.292 [main] INFO  com.alibaba.nacos.common.remote.client - [RpcClientFactory] create a new rpc client of 10063b80-e9fa-4397-8ab3-01335860e067
2025-06-10 15:22:45.361 [main] INFO  com.alibaba.nacos.common.remote.client - [10063b80-e9fa-4397-8ab3-01335860e067] RpcClient init, ServerListFactory = com.alibaba.nacos.client.naming.core.ServerListManager
2025-06-10 15:22:45.362 [main] INFO  com.alibaba.nacos.common.remote.client - [10063b80-e9fa-4397-8ab3-01335860e067] Registry connection listener to current client:com.alibaba.nacos.client.naming.remote.gprc.redo.NamingGrpcRedoService
2025-06-10 15:22:45.363 [main] INFO  com.alibaba.nacos.common.remote.client - [10063b80-e9fa-4397-8ab3-01335860e067] Register server push request handler:com.alibaba.nacos.client.naming.remote.gprc.NamingPushRequestHandler
2025-06-10 15:22:45.367 [main] INFO  com.alibaba.nacos.common.remote.client - [10063b80-e9fa-4397-8ab3-01335860e067] Try to connect to server on start up, server: {serverIp = '127.0.0.1', server main port = 8848}
2025-06-10 15:22:45.429 [main] INFO  c.a.nacos.common.remote.client.grpc.GrpcClient - grpc client connection server:127.0.0.1 ip,serverPort:9848,grpcTslConfig:{"sslProvider":"OPENSSL","enableTls":false,"mutualAuthEnable":false,"trustAll":false}
2025-06-10 15:22:47.997 [main] INFO  com.alibaba.nacos.common.remote.client - [10063b80-e9fa-4397-8ab3-01335860e067] Success to connect to server [127.0.0.1:8848] on start up, connectionId = 1749540167635_127.0.0.1_57612
2025-06-10 15:22:47.998 [com.alibaba.nacos.client.remote.worker] INFO  com.alibaba.nacos.common.remote.client - [10063b80-e9fa-4397-8ab3-01335860e067] Notify connected event to listeners.
2025-06-10 15:22:47.999 [com.alibaba.nacos.client.remote.worker] INFO  com.alibaba.nacos.client.naming - Grpc connection connect
2025-06-10 15:22:47.999 [main] INFO  com.alibaba.nacos.common.remote.client - [10063b80-e9fa-4397-8ab3-01335860e067] Register server push request handler:com.alibaba.nacos.common.remote.client.RpcClient$ConnectResetRequestHandler
2025-06-10 15:22:48.000 [main] INFO  com.alibaba.nacos.common.remote.client - [10063b80-e9fa-4397-8ab3-01335860e067] Register server push request handler:com.alibaba.nacos.common.remote.client.RpcClient$$Lambda$1194/0x00000008014a18c0
2025-06-10 15:22:48.003 [main] INFO  com.alibaba.nacos.client.naming - [REGISTER-SERVICE] xiaohashu registering service xiaohashu-search with instance Instance{instanceId='null', ip='192.168.42.1', port=8092, weight=1.0, healthy=true, enabled=true, ephemeral=true, clusterName='DEFAULT', serviceName='null', metadata={IPv6=null, preserved.register.source=SPRING_CLOUD}}
2025-06-10 15:22:48.033 [main] INFO  c.a.cloud.nacos.registry.NacosServiceRegistry - nacos registry, DEFAULT_GROUP xiaohashu-search 192.168.42.1:8092 register finished
2025-06-10 15:22:49.481 [main] INFO  org.springframework.cloud.commons.util.InetUtils - Cannot determine local hostname
2025-06-10 15:22:49.518 [main] INFO  c.q.x.search.biz.XiaohashuSearchBizApplication - Started XiaohashuSearchBizApplication in 19.519 seconds (process running for 21.203)
2025-06-10 15:23:42.894 [http-nio-8092-exec-1] INFO  o.a.c.core.ContainerBase.[Tomcat].[localhost].[/] - Initializing Spring DispatcherServlet 'dispatcherServlet'
2025-06-10 15:23:42.894 [http-nio-8092-exec-1] INFO  org.springframework.web.servlet.DispatcherServlet - Initializing Servlet 'dispatcherServlet'
2025-06-10 15:23:42.897 [http-nio-8092-exec-1] INFO  org.springframework.web.servlet.DispatcherServlet - Completed initialization in 3 ms
2025-06-10 15:23:42.985 [http-nio-8092-exec-1] INFO  c.q.f.b.operationlog.aspect.ApiOperationLogAspect - ====== 请求开始: [热更新词典], 入参: , 请求类: ExtDictController, 请求方法: extDict =================================== 
2025-06-10 15:23:43.026 [http-nio-8092-exec-1] INFO  c.q.f.b.operationlog.aspect.ApiOperationLogAspect - ====== 请求结束: [热更新词典], 耗时: 27ms, 出参: {"headers":{"ETag":["1752000665"],"Content-Type":["text/plain;charset=UTF-8"],"Last-Modified":["Fri, 06 Jun 2025 07:04:22 GMT"]},"body":"﻿打工人\n打工魂\n社畜","statusCode":"OK","statusCodeValue":200} =================================== 
2025-06-10 15:23:43.957 [http-nio-8092-exec-3] INFO  c.q.f.b.operationlog.aspect.ApiOperationLogAspect - ====== 请求开始: [热更新词典], 入参: , 请求类: ExtDictController, 请求方法: extDict =================================== 
2025-06-10 15:23:43.959 [http-nio-8092-exec-3] INFO  c.q.f.b.operationlog.aspect.ApiOperationLogAspect - ====== 请求结束: [热更新词典], 耗时: 2ms, 出参: {"headers":{"ETag":["1752000665"],"Content-Type":["text/plain;charset=UTF-8"],"Last-Modified":["Fri, 06 Jun 2025 07:04:22 GMT"]},"body":"﻿打工人\n打工魂\n社畜","statusCode":"OK","statusCodeValue":200} =================================== 
2025-06-10 15:24:42.522 [http-nio-8092-exec-2] INFO  c.q.f.b.operationlog.aspect.ApiOperationLogAspect - ====== 请求开始: [热更新词典], 入参: , 请求类: ExtDictController, 请求方法: extDict =================================== 
2025-06-10 15:24:42.523 [http-nio-8092-exec-2] INFO  c.q.f.b.operationlog.aspect.ApiOperationLogAspect - ====== 请求结束: [热更新词典], 耗时: 1ms, 出参: {"headers":{"ETag":["1752000665"],"Content-Type":["text/plain;charset=UTF-8"],"Last-Modified":["Fri, 06 Jun 2025 07:04:22 GMT"]},"body":"﻿打工人\n打工魂\n社畜","statusCode":"OK","statusCodeValue":200} =================================== 
2025-06-10 15:25:42.384 [http-nio-8092-exec-5] INFO  c.q.f.b.operationlog.aspect.ApiOperationLogAspect - ====== 请求开始: [热更新词典], 入参: , 请求类: ExtDictController, 请求方法: extDict =================================== 
2025-06-10 15:25:42.386 [http-nio-8092-exec-5] INFO  c.q.f.b.operationlog.aspect.ApiOperationLogAspect - ====== 请求结束: [热更新词典], 耗时: 2ms, 出参: {"headers":{"ETag":["1752000665"],"Content-Type":["text/plain;charset=UTF-8"],"Last-Modified":["Fri, 06 Jun 2025 07:04:22 GMT"]},"body":"﻿打工人\n打工魂\n社畜","statusCode":"OK","statusCodeValue":200} =================================== 
2025-06-10 15:26:42.273 [http-nio-8092-exec-6] INFO  c.q.f.b.operationlog.aspect.ApiOperationLogAspect - ====== 请求开始: [热更新词典], 入参: , 请求类: ExtDictController, 请求方法: extDict =================================== 
2025-06-10 15:26:42.276 [http-nio-8092-exec-6] INFO  c.q.f.b.operationlog.aspect.ApiOperationLogAspect - ====== 请求结束: [热更新词典], 耗时: 2ms, 出参: {"headers":{"ETag":["1752000665"],"Content-Type":["text/plain;charset=UTF-8"],"Last-Modified":["Fri, 06 Jun 2025 07:04:22 GMT"]},"body":"﻿打工人\n打工魂\n社畜","statusCode":"OK","statusCodeValue":200} =================================== 
2025-06-10 15:27:42.153 [http-nio-8092-exec-7] INFO  c.q.f.b.operationlog.aspect.ApiOperationLogAspect - ====== 请求开始: [热更新词典], 入参: , 请求类: ExtDictController, 请求方法: extDict =================================== 
2025-06-10 15:27:42.154 [http-nio-8092-exec-7] INFO  c.q.f.b.operationlog.aspect.ApiOperationLogAspect - ====== 请求结束: [热更新词典], 耗时: 2ms, 出参: {"headers":{"ETag":["1752000665"],"Content-Type":["text/plain;charset=UTF-8"],"Last-Modified":["Fri, 06 Jun 2025 07:04:22 GMT"]},"body":"﻿打工人\n打工魂\n社畜","statusCode":"OK","statusCodeValue":200} =================================== 
2025-06-10 15:28:42.077 [http-nio-8092-exec-8] INFO  c.q.f.b.operationlog.aspect.ApiOperationLogAspect - ====== 请求开始: [热更新词典], 入参: , 请求类: ExtDictController, 请求方法: extDict =================================== 
2025-06-10 15:28:42.079 [http-nio-8092-exec-8] INFO  c.q.f.b.operationlog.aspect.ApiOperationLogAspect - ====== 请求结束: [热更新词典], 耗时: 1ms, 出参: {"headers":{"ETag":["1752000665"],"Content-Type":["text/plain;charset=UTF-8"],"Last-Modified":["Fri, 06 Jun 2025 07:04:22 GMT"]},"body":"﻿打工人\n打工魂\n社畜","statusCode":"OK","statusCodeValue":200} =================================== 
2025-06-10 15:29:42.018 [http-nio-8092-exec-9] INFO  c.q.f.b.operationlog.aspect.ApiOperationLogAspect - ====== 请求开始: [热更新词典], 入参: , 请求类: ExtDictController, 请求方法: extDict =================================== 
2025-06-10 15:29:42.019 [http-nio-8092-exec-9] INFO  c.q.f.b.operationlog.aspect.ApiOperationLogAspect - ====== 请求结束: [热更新词典], 耗时: 1ms, 出参: {"headers":{"ETag":["1752000665"],"Content-Type":["text/plain;charset=UTF-8"],"Last-Modified":["Fri, 06 Jun 2025 07:04:22 GMT"]},"body":"﻿打工人\n打工魂\n社畜","statusCode":"OK","statusCodeValue":200} =================================== 
2025-06-10 15:30:41.914 [http-nio-8092-exec-10] INFO  c.q.f.b.operationlog.aspect.ApiOperationLogAspect - ====== 请求开始: [热更新词典], 入参: , 请求类: ExtDictController, 请求方法: extDict =================================== 
2025-06-10 15:30:41.915 [http-nio-8092-exec-10] INFO  c.q.f.b.operationlog.aspect.ApiOperationLogAspect - ====== 请求结束: [热更新词典], 耗时: 1ms, 出参: {"headers":{"ETag":["1752000665"],"Content-Type":["text/plain;charset=UTF-8"],"Last-Modified":["Fri, 06 Jun 2025 07:04:22 GMT"]},"body":"﻿打工人\n打工魂\n社畜","statusCode":"OK","statusCodeValue":200} =================================== 
2025-06-10 15:31:41.855 [http-nio-8092-exec-1] INFO  c.q.f.b.operationlog.aspect.ApiOperationLogAspect - ====== 请求开始: [热更新词典], 入参: , 请求类: ExtDictController, 请求方法: extDict =================================== 
2025-06-10 15:31:41.856 [http-nio-8092-exec-1] INFO  c.q.f.b.operationlog.aspect.ApiOperationLogAspect - ====== 请求结束: [热更新词典], 耗时: 1ms, 出参: {"headers":{"ETag":["1752000665"],"Content-Type":["text/plain;charset=UTF-8"],"Last-Modified":["Fri, 06 Jun 2025 07:04:22 GMT"]},"body":"﻿打工人\n打工魂\n社畜","statusCode":"OK","statusCodeValue":200} =================================== 
2025-06-10 15:32:41.743 [http-nio-8092-exec-3] INFO  c.q.f.b.operationlog.aspect.ApiOperationLogAspect - ====== 请求开始: [热更新词典], 入参: , 请求类: ExtDictController, 请求方法: extDict =================================== 
2025-06-10 15:32:41.744 [http-nio-8092-exec-3] INFO  c.q.f.b.operationlog.aspect.ApiOperationLogAspect - ====== 请求结束: [热更新词典], 耗时: 1ms, 出参: {"headers":{"ETag":["1752000665"],"Content-Type":["text/plain;charset=UTF-8"],"Last-Modified":["Fri, 06 Jun 2025 07:04:22 GMT"]},"body":"﻿打工人\n打工魂\n社畜","statusCode":"OK","statusCodeValue":200} =================================== 
2025-06-10 15:33:41.615 [http-nio-8092-exec-2] INFO  c.q.f.b.operationlog.aspect.ApiOperationLogAspect - ====== 请求开始: [热更新词典], 入参: , 请求类: ExtDictController, 请求方法: extDict =================================== 
2025-06-10 15:33:41.616 [http-nio-8092-exec-2] INFO  c.q.f.b.operationlog.aspect.ApiOperationLogAspect - ====== 请求结束: [热更新词典], 耗时: 1ms, 出参: {"headers":{"ETag":["1752000665"],"Content-Type":["text/plain;charset=UTF-8"],"Last-Modified":["Fri, 06 Jun 2025 07:04:22 GMT"]},"body":"﻿打工人\n打工魂\n社畜","statusCode":"OK","statusCodeValue":200} =================================== 
2025-06-10 15:34:41.496 [http-nio-8092-exec-4] INFO  c.q.f.b.operationlog.aspect.ApiOperationLogAspect - ====== 请求开始: [热更新词典], 入参: , 请求类: ExtDictController, 请求方法: extDict =================================== 
2025-06-10 15:34:41.498 [http-nio-8092-exec-4] INFO  c.q.f.b.operationlog.aspect.ApiOperationLogAspect - ====== 请求结束: [热更新词典], 耗时: 1ms, 出参: {"headers":{"ETag":["1752000665"],"Content-Type":["text/plain;charset=UTF-8"],"Last-Modified":["Fri, 06 Jun 2025 07:04:22 GMT"]},"body":"﻿打工人\n打工魂\n社畜","statusCode":"OK","statusCodeValue":200} =================================== 
2025-06-10 15:35:41.370 [http-nio-8092-exec-5] INFO  c.q.f.b.operationlog.aspect.ApiOperationLogAspect - ====== 请求开始: [热更新词典], 入参: , 请求类: ExtDictController, 请求方法: extDict =================================== 
2025-06-10 15:35:41.372 [http-nio-8092-exec-5] INFO  c.q.f.b.operationlog.aspect.ApiOperationLogAspect - ====== 请求结束: [热更新词典], 耗时: 2ms, 出参: {"headers":{"ETag":["1752000665"],"Content-Type":["text/plain;charset=UTF-8"],"Last-Modified":["Fri, 06 Jun 2025 07:04:22 GMT"]},"body":"﻿打工人\n打工魂\n社畜","statusCode":"OK","statusCodeValue":200} =================================== 
2025-06-10 15:36:41.245 [http-nio-8092-exec-6] INFO  c.q.f.b.operationlog.aspect.ApiOperationLogAspect - ====== 请求开始: [热更新词典], 入参: , 请求类: ExtDictController, 请求方法: extDict =================================== 
2025-06-10 15:36:41.246 [http-nio-8092-exec-6] INFO  c.q.f.b.operationlog.aspect.ApiOperationLogAspect - ====== 请求结束: [热更新词典], 耗时: 1ms, 出参: {"headers":{"ETag":["1752000665"],"Content-Type":["text/plain;charset=UTF-8"],"Last-Modified":["Fri, 06 Jun 2025 07:04:22 GMT"]},"body":"﻿打工人\n打工魂\n社畜","statusCode":"OK","statusCodeValue":200} =================================== 
2025-06-10 15:37:41.199 [http-nio-8092-exec-7] INFO  c.q.f.b.operationlog.aspect.ApiOperationLogAspect - ====== 请求开始: [热更新词典], 入参: , 请求类: ExtDictController, 请求方法: extDict =================================== 
2025-06-10 15:37:41.201 [http-nio-8092-exec-7] INFO  c.q.f.b.operationlog.aspect.ApiOperationLogAspect - ====== 请求结束: [热更新词典], 耗时: 1ms, 出参: {"headers":{"ETag":["1752000665"],"Content-Type":["text/plain;charset=UTF-8"],"Last-Modified":["Fri, 06 Jun 2025 07:04:22 GMT"]},"body":"﻿打工人\n打工魂\n社畜","statusCode":"OK","statusCodeValue":200} =================================== 
2025-06-10 15:38:41.068 [http-nio-8092-exec-8] INFO  c.q.f.b.operationlog.aspect.ApiOperationLogAspect - ====== 请求开始: [热更新词典], 入参: , 请求类: ExtDictController, 请求方法: extDict =================================== 
2025-06-10 15:38:41.069 [http-nio-8092-exec-8] INFO  c.q.f.b.operationlog.aspect.ApiOperationLogAspect - ====== 请求结束: [热更新词典], 耗时: 1ms, 出参: {"headers":{"ETag":["1752000665"],"Content-Type":["text/plain;charset=UTF-8"],"Last-Modified":["Fri, 06 Jun 2025 07:04:22 GMT"]},"body":"﻿打工人\n打工魂\n社畜","statusCode":"OK","statusCodeValue":200} =================================== 
2025-06-10 15:39:40.937 [http-nio-8092-exec-9] INFO  c.q.f.b.operationlog.aspect.ApiOperationLogAspect - ====== 请求开始: [热更新词典], 入参: , 请求类: ExtDictController, 请求方法: extDict =================================== 
2025-06-10 15:39:40.948 [http-nio-8092-exec-9] INFO  c.q.f.b.operationlog.aspect.ApiOperationLogAspect - ====== 请求结束: [热更新词典], 耗时: 10ms, 出参: {"headers":{"ETag":["1752000665"],"Content-Type":["text/plain;charset=UTF-8"],"Last-Modified":["Fri, 06 Jun 2025 07:04:22 GMT"]},"body":"﻿打工人\n打工魂\n社畜","statusCode":"OK","statusCodeValue":200} =================================== 
2025-06-10 15:40:40.814 [http-nio-8092-exec-10] INFO  c.q.f.b.operationlog.aspect.ApiOperationLogAspect - ====== 请求开始: [热更新词典], 入参: , 请求类: ExtDictController, 请求方法: extDict =================================== 
2025-06-10 15:40:40.815 [http-nio-8092-exec-10] INFO  c.q.f.b.operationlog.aspect.ApiOperationLogAspect - ====== 请求结束: [热更新词典], 耗时: 1ms, 出参: {"headers":{"ETag":["1752000665"],"Content-Type":["text/plain;charset=UTF-8"],"Last-Modified":["Fri, 06 Jun 2025 07:04:22 GMT"]},"body":"﻿打工人\n打工魂\n社畜","statusCode":"OK","statusCodeValue":200} =================================== 
2025-06-10 15:41:40.691 [http-nio-8092-exec-1] INFO  c.q.f.b.operationlog.aspect.ApiOperationLogAspect - ====== 请求开始: [热更新词典], 入参: , 请求类: ExtDictController, 请求方法: extDict =================================== 
2025-06-10 15:41:40.692 [http-nio-8092-exec-1] INFO  c.q.f.b.operationlog.aspect.ApiOperationLogAspect - ====== 请求结束: [热更新词典], 耗时: 2ms, 出参: {"headers":{"ETag":["1752000665"],"Content-Type":["text/plain;charset=UTF-8"],"Last-Modified":["Fri, 06 Jun 2025 07:04:22 GMT"]},"body":"﻿打工人\n打工魂\n社畜","statusCode":"OK","statusCodeValue":200} =================================== 
2025-06-10 15:42:40.569 [http-nio-8092-exec-3] INFO  c.q.f.b.operationlog.aspect.ApiOperationLogAspect - ====== 请求开始: [热更新词典], 入参: , 请求类: ExtDictController, 请求方法: extDict =================================== 
2025-06-10 15:42:40.571 [http-nio-8092-exec-3] INFO  c.q.f.b.operationlog.aspect.ApiOperationLogAspect - ====== 请求结束: [热更新词典], 耗时: 2ms, 出参: {"headers":{"ETag":["1752000665"],"Content-Type":["text/plain;charset=UTF-8"],"Last-Modified":["Fri, 06 Jun 2025 07:04:22 GMT"]},"body":"﻿打工人\n打工魂\n社畜","statusCode":"OK","statusCodeValue":200} =================================== 
2025-06-10 15:43:40.455 [http-nio-8092-exec-2] INFO  c.q.f.b.operationlog.aspect.ApiOperationLogAspect - ====== 请求开始: [热更新词典], 入参: , 请求类: ExtDictController, 请求方法: extDict =================================== 
2025-06-10 15:43:40.457 [http-nio-8092-exec-2] INFO  c.q.f.b.operationlog.aspect.ApiOperationLogAspect - ====== 请求结束: [热更新词典], 耗时: 1ms, 出参: {"headers":{"ETag":["1752000665"],"Content-Type":["text/plain;charset=UTF-8"],"Last-Modified":["Fri, 06 Jun 2025 07:04:22 GMT"]},"body":"﻿打工人\n打工魂\n社畜","statusCode":"OK","statusCodeValue":200} =================================== 
2025-06-10 15:44:40.400 [http-nio-8092-exec-4] INFO  c.q.f.b.operationlog.aspect.ApiOperationLogAspect - ====== 请求开始: [热更新词典], 入参: , 请求类: ExtDictController, 请求方法: extDict =================================== 
2025-06-10 15:44:40.401 [http-nio-8092-exec-4] INFO  c.q.f.b.operationlog.aspect.ApiOperationLogAspect - ====== 请求结束: [热更新词典], 耗时: 1ms, 出参: {"headers":{"ETag":["1752000665"],"Content-Type":["text/plain;charset=UTF-8"],"Last-Modified":["Fri, 06 Jun 2025 07:04:22 GMT"]},"body":"﻿打工人\n打工魂\n社畜","statusCode":"OK","statusCodeValue":200} =================================== 
2025-06-10 15:45:40.287 [http-nio-8092-exec-5] INFO  c.q.f.b.operationlog.aspect.ApiOperationLogAspect - ====== 请求开始: [热更新词典], 入参: , 请求类: ExtDictController, 请求方法: extDict =================================== 
2025-06-10 15:45:40.288 [http-nio-8092-exec-5] INFO  c.q.f.b.operationlog.aspect.ApiOperationLogAspect - ====== 请求结束: [热更新词典], 耗时: 1ms, 出参: {"headers":{"ETag":["1752000665"],"Content-Type":["text/plain;charset=UTF-8"],"Last-Modified":["Fri, 06 Jun 2025 07:04:22 GMT"]},"body":"﻿打工人\n打工魂\n社畜","statusCode":"OK","statusCodeValue":200} =================================== 
2025-06-10 15:46:40.194 [http-nio-8092-exec-6] INFO  c.q.f.b.operationlog.aspect.ApiOperationLogAspect - ====== 请求开始: [热更新词典], 入参: , 请求类: ExtDictController, 请求方法: extDict =================================== 
2025-06-10 15:46:40.195 [http-nio-8092-exec-6] INFO  c.q.f.b.operationlog.aspect.ApiOperationLogAspect - ====== 请求结束: [热更新词典], 耗时: 1ms, 出参: {"headers":{"ETag":["1752000665"],"Content-Type":["text/plain;charset=UTF-8"],"Last-Modified":["Fri, 06 Jun 2025 07:04:22 GMT"]},"body":"﻿打工人\n打工魂\n社畜","statusCode":"OK","statusCodeValue":200} =================================== 
2025-06-10 15:47:40.134 [http-nio-8092-exec-7] INFO  c.q.f.b.operationlog.aspect.ApiOperationLogAspect - ====== 请求开始: [热更新词典], 入参: , 请求类: ExtDictController, 请求方法: extDict =================================== 
2025-06-10 15:47:40.136 [http-nio-8092-exec-7] INFO  c.q.f.b.operationlog.aspect.ApiOperationLogAspect - ====== 请求结束: [热更新词典], 耗时: 2ms, 出参: {"headers":{"ETag":["1752000665"],"Content-Type":["text/plain;charset=UTF-8"],"Last-Modified":["Fri, 06 Jun 2025 07:04:22 GMT"]},"body":"﻿打工人\n打工魂\n社畜","statusCode":"OK","statusCodeValue":200} =================================== 
2025-06-10 15:48:40.016 [http-nio-8092-exec-8] INFO  c.q.f.b.operationlog.aspect.ApiOperationLogAspect - ====== 请求开始: [热更新词典], 入参: , 请求类: ExtDictController, 请求方法: extDict =================================== 
2025-06-10 15:48:40.017 [http-nio-8092-exec-8] INFO  c.q.f.b.operationlog.aspect.ApiOperationLogAspect - ====== 请求结束: [热更新词典], 耗时: 1ms, 出参: {"headers":{"ETag":["1752000665"],"Content-Type":["text/plain;charset=UTF-8"],"Last-Modified":["Fri, 06 Jun 2025 07:04:22 GMT"]},"body":"﻿打工人\n打工魂\n社畜","statusCode":"OK","statusCodeValue":200} =================================== 
2025-06-10 15:49:39.893 [http-nio-8092-exec-9] INFO  c.q.f.b.operationlog.aspect.ApiOperationLogAspect - ====== 请求开始: [热更新词典], 入参: , 请求类: ExtDictController, 请求方法: extDict =================================== 
2025-06-10 15:49:39.894 [http-nio-8092-exec-9] INFO  c.q.f.b.operationlog.aspect.ApiOperationLogAspect - ====== 请求结束: [热更新词典], 耗时: 1ms, 出参: {"headers":{"ETag":["1752000665"],"Content-Type":["text/plain;charset=UTF-8"],"Last-Modified":["Fri, 06 Jun 2025 07:04:22 GMT"]},"body":"﻿打工人\n打工魂\n社畜","statusCode":"OK","statusCodeValue":200} =================================== 
2025-06-10 15:50:39.766 [http-nio-8092-exec-10] INFO  c.q.f.b.operationlog.aspect.ApiOperationLogAspect - ====== 请求开始: [热更新词典], 入参: , 请求类: ExtDictController, 请求方法: extDict =================================== 
2025-06-10 15:50:39.767 [http-nio-8092-exec-10] INFO  c.q.f.b.operationlog.aspect.ApiOperationLogAspect - ====== 请求结束: [热更新词典], 耗时: 1ms, 出参: {"headers":{"ETag":["1752000665"],"Content-Type":["text/plain;charset=UTF-8"],"Last-Modified":["Fri, 06 Jun 2025 07:04:22 GMT"]},"body":"﻿打工人\n打工魂\n社畜","statusCode":"OK","statusCodeValue":200} =================================== 
2025-06-10 15:51:39.651 [http-nio-8092-exec-1] INFO  c.q.f.b.operationlog.aspect.ApiOperationLogAspect - ====== 请求开始: [热更新词典], 入参: , 请求类: ExtDictController, 请求方法: extDict =================================== 
2025-06-10 15:51:39.652 [http-nio-8092-exec-1] INFO  c.q.f.b.operationlog.aspect.ApiOperationLogAspect - ====== 请求结束: [热更新词典], 耗时: 1ms, 出参: {"headers":{"ETag":["1752000665"],"Content-Type":["text/plain;charset=UTF-8"],"Last-Modified":["Fri, 06 Jun 2025 07:04:22 GMT"]},"body":"﻿打工人\n打工魂\n社畜","statusCode":"OK","statusCodeValue":200} =================================== 
2025-06-10 15:52:39.522 [http-nio-8092-exec-3] INFO  c.q.f.b.operationlog.aspect.ApiOperationLogAspect - ====== 请求开始: [热更新词典], 入参: , 请求类: ExtDictController, 请求方法: extDict =================================== 
2025-06-10 15:52:39.524 [http-nio-8092-exec-3] INFO  c.q.f.b.operationlog.aspect.ApiOperationLogAspect - ====== 请求结束: [热更新词典], 耗时: 2ms, 出参: {"headers":{"ETag":["1752000665"],"Content-Type":["text/plain;charset=UTF-8"],"Last-Modified":["Fri, 06 Jun 2025 07:04:22 GMT"]},"body":"﻿打工人\n打工魂\n社畜","statusCode":"OK","statusCodeValue":200} =================================== 
2025-06-10 15:53:39.410 [http-nio-8092-exec-2] INFO  c.q.f.b.operationlog.aspect.ApiOperationLogAspect - ====== 请求开始: [热更新词典], 入参: , 请求类: ExtDictController, 请求方法: extDict =================================== 
2025-06-10 15:53:39.412 [http-nio-8092-exec-2] INFO  c.q.f.b.operationlog.aspect.ApiOperationLogAspect - ====== 请求结束: [热更新词典], 耗时: 2ms, 出参: {"headers":{"ETag":["1752000665"],"Content-Type":["text/plain;charset=UTF-8"],"Last-Modified":["Fri, 06 Jun 2025 07:04:22 GMT"]},"body":"﻿打工人\n打工魂\n社畜","statusCode":"OK","statusCodeValue":200} =================================== 
2025-06-10 15:54:39.290 [http-nio-8092-exec-4] INFO  c.q.f.b.operationlog.aspect.ApiOperationLogAspect - ====== 请求开始: [热更新词典], 入参: , 请求类: ExtDictController, 请求方法: extDict =================================== 
2025-06-10 15:54:39.293 [http-nio-8092-exec-4] INFO  c.q.f.b.operationlog.aspect.ApiOperationLogAspect - ====== 请求结束: [热更新词典], 耗时: 2ms, 出参: {"headers":{"ETag":["1752000665"],"Content-Type":["text/plain;charset=UTF-8"],"Last-Modified":["Fri, 06 Jun 2025 07:04:22 GMT"]},"body":"﻿打工人\n打工魂\n社畜","statusCode":"OK","statusCodeValue":200} =================================== 
2025-06-10 15:55:39.164 [http-nio-8092-exec-5] INFO  c.q.f.b.operationlog.aspect.ApiOperationLogAspect - ====== 请求开始: [热更新词典], 入参: , 请求类: ExtDictController, 请求方法: extDict =================================== 
2025-06-10 15:55:39.166 [http-nio-8092-exec-5] INFO  c.q.f.b.operationlog.aspect.ApiOperationLogAspect - ====== 请求结束: [热更新词典], 耗时: 1ms, 出参: {"headers":{"ETag":["1752000665"],"Content-Type":["text/plain;charset=UTF-8"],"Last-Modified":["Fri, 06 Jun 2025 07:04:22 GMT"]},"body":"﻿打工人\n打工魂\n社畜","statusCode":"OK","statusCodeValue":200} =================================== 
2025-06-10 15:56:39.046 [http-nio-8092-exec-6] INFO  c.q.f.b.operationlog.aspect.ApiOperationLogAspect - ====== 请求开始: [热更新词典], 入参: , 请求类: ExtDictController, 请求方法: extDict =================================== 
2025-06-10 15:56:39.048 [http-nio-8092-exec-6] INFO  c.q.f.b.operationlog.aspect.ApiOperationLogAspect - ====== 请求结束: [热更新词典], 耗时: 2ms, 出参: {"headers":{"ETag":["1752000665"],"Content-Type":["text/plain;charset=UTF-8"],"Last-Modified":["Fri, 06 Jun 2025 07:04:22 GMT"]},"body":"﻿打工人\n打工魂\n社畜","statusCode":"OK","statusCodeValue":200} =================================== 
2025-06-10 15:57:38.922 [http-nio-8092-exec-7] INFO  c.q.f.b.operationlog.aspect.ApiOperationLogAspect - ====== 请求开始: [热更新词典], 入参: , 请求类: ExtDictController, 请求方法: extDict =================================== 
2025-06-10 15:57:38.924 [http-nio-8092-exec-7] INFO  c.q.f.b.operationlog.aspect.ApiOperationLogAspect - ====== 请求结束: [热更新词典], 耗时: 2ms, 出参: {"headers":{"ETag":["1752000665"],"Content-Type":["text/plain;charset=UTF-8"],"Last-Modified":["Fri, 06 Jun 2025 07:04:22 GMT"]},"body":"﻿打工人\n打工魂\n社畜","statusCode":"OK","statusCodeValue":200} =================================== 
2025-06-10 15:58:38.886 [http-nio-8092-exec-8] INFO  c.q.f.b.operationlog.aspect.ApiOperationLogAspect - ====== 请求开始: [热更新词典], 入参: , 请求类: ExtDictController, 请求方法: extDict =================================== 
2025-06-10 15:58:38.887 [http-nio-8092-exec-8] INFO  c.q.f.b.operationlog.aspect.ApiOperationLogAspect - ====== 请求结束: [热更新词典], 耗时: 1ms, 出参: {"headers":{"ETag":["1752000665"],"Content-Type":["text/plain;charset=UTF-8"],"Last-Modified":["Fri, 06 Jun 2025 07:04:22 GMT"]},"body":"﻿打工人\n打工魂\n社畜","statusCode":"OK","statusCodeValue":200} =================================== 
2025-06-10 15:59:38.761 [http-nio-8092-exec-9] INFO  c.q.f.b.operationlog.aspect.ApiOperationLogAspect - ====== 请求开始: [热更新词典], 入参: , 请求类: ExtDictController, 请求方法: extDict =================================== 
2025-06-10 15:59:38.763 [http-nio-8092-exec-9] INFO  c.q.f.b.operationlog.aspect.ApiOperationLogAspect - ====== 请求结束: [热更新词典], 耗时: 1ms, 出参: {"headers":{"ETag":["1752000665"],"Content-Type":["text/plain;charset=UTF-8"],"Last-Modified":["Fri, 06 Jun 2025 07:04:22 GMT"]},"body":"﻿打工人\n打工魂\n社畜","statusCode":"OK","statusCodeValue":200} =================================== 
2025-06-10 16:00:38.638 [http-nio-8092-exec-10] INFO  c.q.f.b.operationlog.aspect.ApiOperationLogAspect - ====== 请求开始: [热更新词典], 入参: , 请求类: ExtDictController, 请求方法: extDict =================================== 
2025-06-10 16:00:38.639 [http-nio-8092-exec-10] INFO  c.q.f.b.operationlog.aspect.ApiOperationLogAspect - ====== 请求结束: [热更新词典], 耗时: 1ms, 出参: {"headers":{"ETag":["1752000665"],"Content-Type":["text/plain;charset=UTF-8"],"Last-Modified":["Fri, 06 Jun 2025 07:04:22 GMT"]},"body":"﻿打工人\n打工魂\n社畜","statusCode":"OK","statusCodeValue":200} =================================== 
2025-06-10 16:01:38.523 [http-nio-8092-exec-1] INFO  c.q.f.b.operationlog.aspect.ApiOperationLogAspect - ====== 请求开始: [热更新词典], 入参: , 请求类: ExtDictController, 请求方法: extDict =================================== 
2025-06-10 16:01:38.525 [http-nio-8092-exec-1] INFO  c.q.f.b.operationlog.aspect.ApiOperationLogAspect - ====== 请求结束: [热更新词典], 耗时: 2ms, 出参: {"headers":{"ETag":["1752000665"],"Content-Type":["text/plain;charset=UTF-8"],"Last-Modified":["Fri, 06 Jun 2025 07:04:22 GMT"]},"body":"﻿打工人\n打工魂\n社畜","statusCode":"OK","statusCodeValue":200} =================================== 
2025-06-10 16:02:38.706 [http-nio-8092-exec-2] INFO  c.q.f.b.operationlog.aspect.ApiOperationLogAspect - ====== 请求开始: [热更新词典], 入参: , 请求类: ExtDictController, 请求方法: extDict =================================== 
2025-06-10 16:02:38.708 [http-nio-8092-exec-2] INFO  c.q.f.b.operationlog.aspect.ApiOperationLogAspect - ====== 请求结束: [热更新词典], 耗时: 2ms, 出参: {"headers":{"ETag":["1752000665"],"Content-Type":["text/plain;charset=UTF-8"],"Last-Modified":["Fri, 06 Jun 2025 07:04:22 GMT"]},"body":"﻿打工人\n打工魂\n社畜","statusCode":"OK","statusCodeValue":200} =================================== 
2025-06-10 16:02:42.414 [Thread-10] WARN  c.alibaba.nacos.common.http.HttpClientBeanHolder - [HttpClientBeanHolder] Start destroying common HttpClient
2025-06-10 16:02:42.414 [Thread-7] WARN  com.alibaba.nacos.common.notify.NotifyCenter - [NotifyCenter] Start destroying Publisher
2025-06-10 16:02:42.419 [Thread-7] WARN  com.alibaba.nacos.common.notify.NotifyCenter - [NotifyCenter] Destruction of the end
2025-06-10 16:02:42.429 [Thread-10] WARN  c.alibaba.nacos.common.http.HttpClientBeanHolder - [HttpClientBeanHolder] Destruction of the end
2025-06-10 16:02:42.770 [SpringApplicationShutdownHook] INFO  c.a.cloud.nacos.registry.NacosServiceRegistry - De-registering from Nacos Server now...
2025-06-10 16:02:42.771 [SpringApplicationShutdownHook] INFO  com.alibaba.nacos.client.naming - [DEREGISTER-SERVICE] xiaohashu deregistering service xiaohashu-search with instance: Instance{instanceId='null', ip='192.168.42.1', port=8092, weight=1.0, healthy=true, enabled=true, ephemeral=true, clusterName='DEFAULT', serviceName='null', metadata={}}
2025-06-10 16:02:42.797 [SpringApplicationShutdownHook] INFO  c.a.cloud.nacos.registry.NacosServiceRegistry - De-registration finished.
2025-06-10 16:02:42.798 [SpringApplicationShutdownHook] INFO  com.alibaba.nacos.client.naming - com.alibaba.nacos.client.naming.cache.ServiceInfoHolder do shutdown begin
2025-06-10 16:02:42.798 [SpringApplicationShutdownHook] INFO  com.alibaba.nacos.client.naming - com.alibaba.nacos.client.naming.backups.FailoverReactor do shutdown begin
2025-06-10 16:02:42.798 [SpringApplicationShutdownHook] INFO  com.alibaba.nacos.client.naming - com.alibaba.nacos.client.naming.backups.FailoverReactor do shutdown stop
2025-06-10 16:02:42.798 [SpringApplicationShutdownHook] INFO  com.alibaba.nacos.client.naming - com.alibaba.nacos.client.naming.cache.ServiceInfoHolder do shutdown stop
2025-06-10 16:02:42.798 [SpringApplicationShutdownHook] INFO  com.alibaba.nacos.client.naming - com.alibaba.nacos.client.naming.remote.NamingClientProxyDelegate do shutdown begin
2025-06-10 16:02:42.798 [SpringApplicationShutdownHook] INFO  com.alibaba.nacos.client.naming - com.alibaba.nacos.client.naming.core.ServiceInfoUpdateService do shutdown begin
2025-06-10 16:02:42.798 [SpringApplicationShutdownHook] INFO  com.alibaba.nacos.client.naming - com.alibaba.nacos.client.naming.core.ServiceInfoUpdateService do shutdown stop
2025-06-10 16:02:42.798 [SpringApplicationShutdownHook] INFO  com.alibaba.nacos.client.naming - com.alibaba.nacos.client.naming.core.ServerListManager do shutdown begin
2025-06-10 16:02:42.798 [SpringApplicationShutdownHook] WARN  com.alibaba.nacos.client.naming - [NamingHttpClientManager] Start destroying NacosRestTemplate
2025-06-10 16:02:42.799 [SpringApplicationShutdownHook] WARN  com.alibaba.nacos.client.naming - [NamingHttpClientManager] Destruction of the end
2025-06-10 16:02:42.799 [SpringApplicationShutdownHook] INFO  com.alibaba.nacos.client.naming - com.alibaba.nacos.client.naming.core.ServerListManager do shutdown stop
2025-06-10 16:02:42.799 [SpringApplicationShutdownHook] INFO  com.alibaba.nacos.client.naming - com.alibaba.nacos.client.naming.remote.http.NamingHttpClientProxy do shutdown begin
2025-06-10 16:02:42.799 [SpringApplicationShutdownHook] WARN  com.alibaba.nacos.client.naming - [NamingHttpClientManager] Start destroying NacosRestTemplate
2025-06-10 16:02:42.799 [SpringApplicationShutdownHook] WARN  com.alibaba.nacos.client.naming - [NamingHttpClientManager] Destruction of the end
2025-06-10 16:02:42.799 [SpringApplicationShutdownHook] INFO  com.alibaba.nacos.client.naming - com.alibaba.nacos.client.naming.remote.http.NamingHttpClientProxy do shutdown stop
2025-06-10 16:02:42.799 [SpringApplicationShutdownHook] INFO  com.alibaba.nacos.common.remote.client - Shutdown rpc client, set status to shutdown
2025-06-10 16:02:42.799 [SpringApplicationShutdownHook] INFO  com.alibaba.nacos.common.remote.client - Shutdown client event executor java.util.concurrent.ScheduledThreadPoolExecutor@47037437[Running, pool size = 2, active threads = 2, queued tasks = 0, completed tasks = 0]
2025-06-10 16:02:42.800 [SpringApplicationShutdownHook] INFO  com.alibaba.nacos.common.remote.client - Close current connection 1749540167635_127.0.0.1_57612
2025-06-10 16:02:42.806 [nacos-grpc-client-executor-127.0.0.1-507] INFO  c.a.nacos.common.remote.client.grpc.GrpcClient - [1749540167635_127.0.0.1_57612]Ignore complete event,isRunning:false,isAbandon=false
2025-06-10 16:02:42.831 [SpringApplicationShutdownHook] INFO  c.a.nacos.common.remote.client.grpc.GrpcClient - Shutdown grpc executor java.util.concurrent.ThreadPoolExecutor@52d03ae[Running, pool size = 4, active threads = 0, queued tasks = 0, completed tasks = 508]
2025-06-10 16:02:42.831 [SpringApplicationShutdownHook] INFO  com.alibaba.nacos.client.naming - Shutdown grpc redo service executor java.util.concurrent.ScheduledThreadPoolExecutor@6ec8d0e7[Running, pool size = 1, active threads = 0, queued tasks = 1, completed tasks = 797]
2025-06-10 16:02:42.832 [SpringApplicationShutdownHook] INFO  c.a.n.client.auth.ram.identify.CredentialWatcher - [null] CredentialWatcher is stopped
2025-06-10 16:02:42.832 [SpringApplicationShutdownHook] INFO  c.a.n.client.auth.ram.identify.CredentialService - [null] CredentialService is freed
2025-06-10 16:02:42.832 [SpringApplicationShutdownHook] INFO  com.alibaba.nacos.client.naming - com.alibaba.nacos.client.naming.remote.NamingClientProxyDelegate do shutdown stop
2025-06-10 16:02:42.839 [SpringApplicationShutdownHook] INFO  com.alibaba.druid.pool.DruidDataSource - {dataSource-1} closing ...
2025-06-10 16:02:42.844 [SpringApplicationShutdownHook] INFO  com.alibaba.druid.pool.DruidDataSource - {dataSource-1} closed
